# JRE version: Java(TM) SE Runtime Environment (8.0_101-b13) (build 1.8.0_101-b13)
# Java VM: Java HotSpot(TM) 64-Bit Server VM (25.101-b13 mixed mode linux-amd64 compressed oops)
Heap:
 PSYoungGen      total 585216K, used 32K [0x00000000d7000000, 0x00000000fe100000, 0x0000000100000000)
  eden space 584704K, 0% used [0x00000000d7000000,0x00000000d7000000,0x00000000fab00000)
  from space 512K, 6% used [0x00000000fe000000,0x00000000fe008000,0x00000000fe080000)
  to   space 512K, 0% used [0x00000000fe080000,0x00000000fe080000,0x00000000fe100000)
 ParOldGen       total 84992K, used 6098K [0x0000000085000000, 0x000000008a300000, 0x00000000d7000000)
  object space 84992K, 7% used [0x0000000085000000,0x00000000855f4970,0x000000008a300000)
 Metaspace       used 15670K, capacity 16328K, committed 16512K, reserved 1062912K
  class space    used 2171K, capacity 2387K, committed 2432K, reserved 1048576K
GC Heap History (10 events):
Event: 119.190 GC heap after
Heap after GC invocations=188 (full 0):
 PSYoungGen      total 282112K, used 32K [0x00000000d7000000, 0x00000000fe100000, 0x0000000100000000)
  eden space 281600K, 0% used [0x00000000d7000000,0x00000000d7000000,0x00000000e8300000)
  from space 512K, 6% used [0x00000000fe080000,0x00000000fe088000,0x00000000fe100000)
  to   space 512K, 0% used [0x00000000fe000000,0x00000000fe000000,0x00000000fe080000)
 ParOldGen       total 84992K, used 6098K [0x0000000085000000, 0x000000008a300000, 0x00000000d7000000)
  object space 84992K, 7% used [0x0000000085000000,0x00000000855f4970,0x000000008a300000)
 Metaspace       used 15670K, capacity 16328K, committed 16512K, reserved 1062912K
  class space    used 2171K, capacity 2387K, committed 2432K, reserved 1048576K
}
Event: 119.696 GC heap before
{Heap before GC invocations=189 (full 0):
 PSYoungGen      total 282112K, used 281632K [0x00000000d7000000, 0x00000000fe100000, 0x0000000100000000)
  eden space 281600K, 100% used [0x00000000d7000000,0x00000000e8300000,0x00000000e8300000)
  from space 512K, 6% used [0x00000000fe080000,0x00000000fe088000,0x00000000fe100000)
  to   space 512K, 0% used [0x00000000fe000000,0x00000000fe000000,0x00000000fe080000)
 ParOldGen       total 84992K, used 6098K [0x0000000085000000, 0x000000008a300000, 0x00000000d7000000)
  object space 84992K, 7% used [0x0000000085000000,0x00000000855f4970,0x000000008a300000)
 Metaspace       used 15670K, capacity 16328K, committed 16512K, reserved 1062912K
  class space    used 2171K, capacity 2387K, committed 2432K, reserved 1048576K
Event: 119.700 GC heap after
Heap after GC invocations=189 (full 0):
 PSYoungGen      total 338432K, used 32K [0x00000000d7000000, 0x00000000fe100000, 0x0000000100000000)
  eden space 337920K, 0% used [0x00000000d7000000,0x00000000d7000000,0x00000000eba00000)
  from space 512K, 6% used [0x00000000fe000000,0x00000000fe008000,0x00000000fe080000)
  to   space 512K, 0% used [0x00000000fe080000,0x00000000fe080000,0x00000000fe100000)
 ParOldGen       total 84992K, used 6098K [0x0000000085000000, 0x000000008a300000, 0x00000000d7000000)
  object space 84992K, 7% used [0x0000000085000000,0x00000000855f4970,0x000000008a300000)
 Metaspace       used 15670K, capacity 16328K, committed 16512K, reserved 1062912K
  class space    used 2171K, capacity 2387K, committed 2432K, reserved 1048576K
}
Event: 120.130 GC heap before
{Heap before GC invocations=190 (full 0):
 PSYoungGen      total 338432K, used 337952K [0x00000000d7000000, 0x00000000fe100000, 0x0000000100000000)
  eden space 337920K, 100% used [0x00000000d7000000,0x00000000eba00000,0x00000000eba00000)
  from space 512K, 6% used [0x00000000fe000000,0x00000000fe008000,0x00000000fe080000)
  to   space 512K, 0% used [0x00000000fe080000,0x00000000fe080000,0x00000000fe100000)
 ParOldGen       total 84992K, used 6098K [0x0000000085000000, 0x000000008a300000, 0x00000000d7000000)
  object space 84992K, 7% used [0x0000000085000000,0x00000000855f4970,0x000000008a300000)
 Metaspace       used 15670K, capacity 16328K, committed 16512K, reserved 1062912K
  class space    used 2171K, capacity 2387K, committed 2432K, reserved 1048576K
Event: 120.177 GC heap after
Heap after GC invocations=190 (full 0):
 PSYoungGen      total 406016K, used 32K [0x00000000d7000000, 0x00000000fe100000, 0x0000000100000000)
  eden space 405504K, 0% used [0x00000000d7000000,0x00000000d7000000,0x00000000efc00000)
  from space 512K, 6% used [0x00000000fe080000,0x00000000fe088000,0x00000000fe100000)
  to   space 512K, 0% used [0x00000000fe000000,0x00000000fe000000,0x00000000fe080000)
 ParOldGen       total 84992K, used 6098K [0x0000000085000000, 0x000000008a300000, 0x00000000d7000000)
  object space 84992K, 7% used [0x0000000085000000,0x00000000855f4970,0x000000008a300000)
 Metaspace       used 15670K, capacity 16328K, committed 16512K, reserved 1062912K
  class space    used 2171K, capacity 2387K, committed 2432K, reserved 1048576K
}
Event: 120.882 GC heap before
{Heap before GC invocations=191 (full 0):
 PSYoungGen      total 406016K, used 405536K [0x00000000d7000000, 0x00000000fe100000, 0x0000000100000000)
  eden space 405504K, 100% used [0x00000000d7000000,0x00000000efc00000,0x00000000efc00000)
  from space 512K, 6% used [0x00000000fe080000,0x00000000fe088000,0x00000000fe100000)
  to   space 512K, 0% used [0x00000000fe000000,0x00000000fe000000,0x00000000fe080000)
 ParOldGen       total 84992K, used 6098K [0x0000000085000000, 0x000000008a300000, 0x00000000d7000000)
  object space 84992K, 7% used [0x0000000085000000,0x00000000855f4970,0x000000008a300000)
 Metaspace       used 15670K, capacity 16328K, committed 16512K, reserved 1062912K
  class space    used 2171K, capacity 2387K, committed 2432K, reserved 1048576K
Event: 120.885 GC heap after
Heap after GC invocations=191 (full 0):
 PSYoungGen      total 487424K, used 32K [0x00000000d7000000, 0x00000000fe100000, 0x0000000100000000)
  eden space 486912K, 0% used [0x00000000d7000000,0x00000000d7000000,0x00000000f4b80000)
  from space 512K, 6% used [0x00000000fe000000,0x00000000fe008000,0x00000000fe080000)
  to   space 512K, 0% used [0x00000000fe080000,0x00000000fe080000,0x00000000fe100000)
 ParOldGen       total 84992K, used 6098K [0x0000000085000000, 0x000000008a300000, 0x00000000d7000000)
  object space 84992K, 7% used [0x0000000085000000,0x00000000855f4970,0x000000008a300000)
 Metaspace       used 15670K, capacity 16328K, committed 16512K, reserved 1062912K
  class space    used 2171K, capacity 2387K, committed 2432K, reserved 1048576K
}
Event: 121.766 GC heap before
{Heap before GC invocations=192 (full 0):
 PSYoungGen      total 487424K, used 486944K [0x00000000d7000000, 0x00000000fe100000, 0x0000000100000000)
  eden space 486912K, 100% used [0x00000000d7000000,0x00000000f4b80000,0x00000000f4b80000)
  from space 512K, 6% used [0x00000000fe000000,0x00000000fe008000,0x00000000fe080000)
  to   space 512K, 0% used [0x00000000fe080000,0x00000000fe080000,0x00000000fe100000)
 ParOldGen       total 84992K, used 6098K [0x0000000085000000, 0x000000008a300000, 0x00000000d7000000)
  object space 84992K, 7% used [0x0000000085000000,0x00000000855f4970,0x000000008a300000)
 Metaspace       used 15670K, capacity 16328K, committed 16512K, reserved 1062912K
  class space    used 2171K, capacity 2387K, committed 2432K, reserved 1048576K
Event: 121.834 GC heap after
Heap after GC invocations=192 (full 0):
 PSYoungGen      total 585216K, used 64K [0x00000000d7000000, 0x00000000fe100000, 0x0000000100000000)
  eden space 584704K, 0% used [0x00000000d7000000,0x00000000d7000000,0x00000000fab00000)
  from space 512K, 12% used [0x00000000fe080000,0x00000000fe090000,0x00000000fe100000)
  to   space 512K, 0% used [0x00000000fe000000,0x00000000fe000000,0x00000000fe080000)
 ParOldGen       total 84992K, used 6098K [0x0000000085000000, 0x000000008a300000, 0x00000000d7000000)
  object space 84992K, 7% used [0x0000000085000000,0x00000000855f4970,0x000000008a300000)
 Metaspace       used 15670K, capacity 16328K, committed 16512K, reserved 1062912K
  class space    used 2171K, capacity 2387K, committed 2432K, reserved 1048576K
}
Event: 123.396 GC heap before
{Heap before GC invocations=193 (full 0):
 PSYoungGen      total 585216K, used 584768K [0x00000000d7000000, 0x00000000fe100000, 0x0000000100000000)
  eden space 584704K, 100% used [0x00000000d7000000,0x00000000fab00000,0x00000000fab00000)
  from space 512K, 12% used [0x00000000fe080000,0x00000000fe090000,0x00000000fe100000)
  to   space 512K, 0% used [0x00000000fe000000,0x00000000fe000000,0x00000000fe080000)
 ParOldGen       total 84992K, used 6098K [0x0000000085000000, 0x000000008a300000, 0x00000000d7000000)
  object space 84992K, 7% used [0x0000000085000000,0x00000000855f4970,0x000000008a300000)
 Metaspace       used 15670K, capacity 16328K, committed 16512K, reserved 1062912K
  class space    used 2171K, capacity 2387K, committed 2432K, reserved 1048576K

