# JRE version: Java(TM) SE Runtime Environment (8.0_101-b13) (build 1.8.0_101-b13)
# Java VM: Java HotSpot(TM) 64-Bit Server VM (25.101-b13 mixed mode linux-amd64 compressed oops)
Heap:
 PSYoungGen      total 634368K, used 32K [0x00000000d7000000, 0x00000000fe580000, 0x0000000100000000)
  eden space 633856K, 0% used [0x00000000d7000000,0x00000000d7000000,0x00000000fdb00000)
  from space 512K, 6% used [0x00000000fdb00000,0x00000000fdb08000,0x00000000fdb80000)
  to   space 512K, 0% used [0x00000000fdb80000,0x00000000fdb80000,0x00000000fdc00000)
 ParOldGen       total 84992K, used 4716K [0x0000000085000000, 0x000000008a300000, 0x00000000d7000000)
  object space 84992K, 5% used [0x0000000085000000,0x000000008549b3f8,0x000000008a300000)
 Metaspace       used 15768K, capacity 16362K, committed 16512K, reserved 1062912K
  class space    used 2155K, capacity 2342K, committed 2432K, reserved 1048576K
GC Heap History (10 events):
Event: 122.684 GC heap after
Heap after GC invocations=170 (full 0):
 PSYoungGen      total 310272K, used 32K [0x00000000d7000000, 0x00000000fdc00000, 0x0000000100000000)
  eden space 309760K, 0% used [0x00000000d7000000,0x00000000d7000000,0x00000000e9e80000)
  from space 512K, 6% used [0x00000000fdb80000,0x00000000fdb88000,0x00000000fdc00000)
  to   space 512K, 0% used [0x00000000fdb00000,0x00000000fdb00000,0x00000000fdb80000)
 ParOldGen       total 84992K, used 4716K [0x0000000085000000, 0x000000008a300000, 0x00000000d7000000)
  object space 84992K, 5% used [0x0000000085000000,0x000000008549b3f8,0x000000008a300000)
 Metaspace       used 15768K, capacity 16362K, committed 16512K, reserved 1062912K
  class space    used 2155K, capacity 2342K, committed 2432K, reserved 1048576K
}
Event: 123.253 GC heap before
{Heap before GC invocations=171 (full 0):
 PSYoungGen      total 310272K, used 309792K [0x00000000d7000000, 0x00000000fdc00000, 0x0000000100000000)
  eden space 309760K, 100% used [0x00000000d7000000,0x00000000e9e80000,0x00000000e9e80000)
  from space 512K, 6% used [0x00000000fdb80000,0x00000000fdb88000,0x00000000fdc00000)
  to   space 512K, 0% used [0x00000000fdb00000,0x00000000fdb00000,0x00000000fdb80000)
 ParOldGen       total 84992K, used 4716K [0x0000000085000000, 0x000000008a300000, 0x00000000d7000000)
  object space 84992K, 5% used [0x0000000085000000,0x000000008549b3f8,0x000000008a300000)
 Metaspace       used 15768K, capacity 16362K, committed 16512K, reserved 1062912K
  class space    used 2155K, capacity 2342K, committed 2432K, reserved 1048576K
Event: 123.262 GC heap after
Heap after GC invocations=171 (full 0):
 PSYoungGen      total 372224K, used 64K [0x00000000d7000000, 0x00000000fdc00000, 0x0000000100000000)
  eden space 371712K, 0% used [0x00000000d7000000,0x00000000d7000000,0x00000000edb00000)
  from space 512K, 12% used [0x00000000fdb00000,0x00000000fdb10000,0x00000000fdb80000)
  to   space 512K, 0% used [0x00000000fdb80000,0x00000000fdb80000,0x00000000fdc00000)
 ParOldGen       total 84992K, used 4716K [0x0000000085000000, 0x000000008a300000, 0x00000000d7000000)
  object space 84992K, 5% used [0x0000000085000000,0x000000008549b3f8,0x000000008a300000)
 Metaspace       used 15768K, capacity 16362K, committed 16512K, reserved 1062912K
  class space    used 2155K, capacity 2342K, committed 2432K, reserved 1048576K
}
Event: 123.973 GC heap before
{Heap before GC invocations=172 (full 0):
 PSYoungGen      total 372224K, used 371776K [0x00000000d7000000, 0x00000000fdc00000, 0x0000000100000000)
  eden space 371712K, 100% used [0x00000000d7000000,0x00000000edb00000,0x00000000edb00000)
  from space 512K, 12% used [0x00000000fdb00000,0x00000000fdb10000,0x00000000fdb80000)
  to   space 512K, 0% used [0x00000000fdb80000,0x00000000fdb80000,0x00000000fdc00000)
 ParOldGen       total 84992K, used 4716K [0x0000000085000000, 0x000000008a300000, 0x00000000d7000000)
  object space 84992K, 5% used [0x0000000085000000,0x000000008549b3f8,0x000000008a300000)
 Metaspace       used 15768K, capacity 16362K, committed 16512K, reserved 1062912K
  class space    used 2155K, capacity 2342K, committed 2432K, reserved 1048576K
Event: 123.987 GC heap after
Heap after GC invocations=172 (full 0):
 PSYoungGen      total 446976K, used 0K [0x00000000d7000000, 0x00000000fdc00000, 0x0000000100000000)
  eden space 446464K, 0% used [0x00000000d7000000,0x00000000d7000000,0x00000000f2400000)
  from space 512K, 0% used [0x00000000fdb80000,0x00000000fdb80000,0x00000000fdc00000)
  to   space 512K, 0% used [0x00000000fdb00000,0x00000000fdb00000,0x00000000fdb80000)
 ParOldGen       total 84992K, used 4716K [0x0000000085000000, 0x000000008a300000, 0x00000000d7000000)
  object space 84992K, 5% used [0x0000000085000000,0x000000008549b3f8,0x000000008a300000)
 Metaspace       used 15768K, capacity 16362K, committed 16512K, reserved 1062912K
  class space    used 2155K, capacity 2342K, committed 2432K, reserved 1048576K
}
Event: 124.566 GC heap before
{Heap before GC invocations=173 (full 0):
 PSYoungGen      total 446976K, used 446464K [0x00000000d7000000, 0x00000000fdc00000, 0x0000000100000000)
  eden space 446464K, 100% used [0x00000000d7000000,0x00000000f2400000,0x00000000f2400000)
  from space 512K, 0% used [0x00000000fdb80000,0x00000000fdb80000,0x00000000fdc00000)
  to   space 512K, 0% used [0x00000000fdb00000,0x00000000fdb00000,0x00000000fdb80000)
 ParOldGen       total 84992K, used 4716K [0x0000000085000000, 0x000000008a300000, 0x00000000d7000000)
  object space 84992K, 5% used [0x0000000085000000,0x000000008549b3f8,0x000000008a300000)
 Metaspace       used 15768K, capacity 16362K, committed 16512K, reserved 1062912K
  class space    used 2155K, capacity 2342K, committed 2432K, reserved 1048576K
Event: 124.583 GC heap after
Heap after GC invocations=173 (full 0):
 PSYoungGen      total 536576K, used 32K [0x00000000d7000000, 0x00000000fdc00000, 0x0000000100000000)
  eden space 536064K, 0% used [0x00000000d7000000,0x00000000d7000000,0x00000000f7b80000)
  from space 512K, 6% used [0x00000000fdb00000,0x00000000fdb08000,0x00000000fdb80000)
  to   space 512K, 0% used [0x00000000fdb80000,0x00000000fdb80000,0x00000000fdc00000)
 ParOldGen       total 84992K, used 4716K [0x0000000085000000, 0x000000008a300000, 0x00000000d7000000)
  object space 84992K, 5% used [0x0000000085000000,0x000000008549b3f8,0x000000008a300000)
 Metaspace       used 15768K, capacity 16362K, committed 16512K, reserved 1062912K
  class space    used 2155K, capacity 2342K, committed 2432K, reserved 1048576K
}
Event: 125.506 GC heap before
{Heap before GC invocations=174 (full 0):
 PSYoungGen      total 536576K, used 536096K [0x00000000d7000000, 0x00000000fdc00000, 0x0000000100000000)
  eden space 536064K, 100% used [0x00000000d7000000,0x00000000f7b80000,0x00000000f7b80000)
  from space 512K, 6% used [0x00000000fdb00000,0x00000000fdb08000,0x00000000fdb80000)
  to   space 512K, 0% used [0x00000000fdb80000,0x00000000fdb80000,0x00000000fdc00000)
 ParOldGen       total 84992K, used 4716K [0x0000000085000000, 0x000000008a300000, 0x00000000d7000000)
  object space 84992K, 5% used [0x0000000085000000,0x000000008549b3f8,0x000000008a300000)
 Metaspace       used 15768K, capacity 16362K, committed 16512K, reserved 1062912K
  class space    used 2155K, capacity 2342K, committed 2432K, reserved 1048576K
Event: 125.686 GC heap after
Heap after GC invocations=174 (full 0):
 PSYoungGen      total 634368K, used 32K [0x00000000d7000000, 0x00000000fe580000, 0x0000000100000000)
  eden space 633856K, 0% used [0x00000000d7000000,0x00000000d7000000,0x00000000fdb00000)
  from space 512K, 6% used [0x00000000fdb80000,0x00000000fdb88000,0x00000000fdc00000)
  to   space 512K, 0% used [0x00000000fdb00000,0x00000000fdb00000,0x00000000fdb80000)
 ParOldGen       total 84992K, used 4716K [0x0000000085000000, 0x000000008a300000, 0x00000000d7000000)
  object space 84992K, 5% used [0x0000000085000000,0x000000008549b3f8,0x000000008a300000)
 Metaspace       used 15768K, capacity 16362K, committed 16512K, reserved 1062912K
  class space    used 2155K, capacity 2342K, committed 2432K, reserved 1048576K
}
Event: 128.280 GC heap before
{Heap before GC invocations=175 (full 0):
 PSYoungGen      total 634368K, used 633888K [0x00000000d7000000, 0x00000000fe580000, 0x0000000100000000)
  eden space 633856K, 100% used [0x00000000d7000000,0x00000000fdb00000,0x00000000fdb00000)
  from space 512K, 6% used [0x00000000fdb80000,0x00000000fdb88000,0x00000000fdc00000)
  to   space 512K, 0% used [0x00000000fdb00000,0x00000000fdb00000,0x00000000fdb80000)
 ParOldGen       total 84992K, used 4716K [0x0000000085000000, 0x000000008a300000, 0x00000000d7000000)
  object space 84992K, 5% used [0x0000000085000000,0x000000008549b3f8,0x000000008a300000)
 Metaspace       used 15768K, capacity 16362K, committed 16512K, reserved 1062912K
  class space    used 2155K, capacity 2342K, committed 2432K, reserved 1048576K

