# JRE version: Java(TM) SE Runtime Environment (8.0_101-b13) (build 1.8.0_101-b13)
# Java VM: Java HotSpot(TM) 64-Bit Server VM (25.101-b13 mixed mode linux-amd64 compressed oops)
Heap:
 PSYoungGen      total 68608K, used 4450K [0x00000000d7000000, 0x00000000db800000, 0x0000000100000000)
  eden space 63488K, 0% used [0x00000000d7000000,0x00000000d7000000,0x00000000dae00000)
  from space 5120K, 86% used [0x00000000dae00000,0x00000000db258ab0,0x00000000db300000)
  to   space 5120K, 0% used [0x00000000db300000,0x00000000db300000,0x00000000db800000)
 ParOldGen       total 84992K, used 112K [0x0000000085000000, 0x000000008a300000, 0x00000000d7000000)
  object space 84992K, 0% used [0x0000000085000000,0x000000008501c010,0x000000008a300000)
 Metaspace       used 15076K, capacity 15726K, committed 16000K, reserved 1062912K
  class space    used 2155K, capacity 2344K, committed 2432K, reserved 1048576K
GC Heap History (9 events):
Event: 4.475 GC heap before
{Heap before GC invocations=1 (full 0):
 PSYoungGen      total 36864K, used 31744K [0x00000000d7000000, 0x00000000d9900000, 0x0000000100000000)
  eden space 31744K, 100% used [0x00000000d7000000,0x00000000d8f00000,0x00000000d8f00000)
  from space 5120K, 0% used [0x00000000d9400000,0x00000000d9400000,0x00000000d9900000)
  to   space 5120K, 0% used [0x00000000d8f00000,0x00000000d8f00000,0x00000000d9400000)
 ParOldGen       total 84992K, used 0K [0x0000000085000000, 0x000000008a300000, 0x00000000d7000000)
  object space 84992K, 0% used [0x0000000085000000,0x0000000085000000,0x000000008a300000)
 Metaspace       used 14669K, capacity 15356K, committed 15360K, reserved 1062912K
  class space    used 2099K, capacity 2303K, committed 2304K, reserved 1048576K
Event: 4.515 GC heap after
Heap after GC invocations=1 (full 0):
 PSYoungGen      total 36864K, used 4546K [0x00000000d7000000, 0x00000000d9900000, 0x0000000100000000)
  eden space 31744K, 0% used [0x00000000d7000000,0x00000000d7000000,0x00000000d8f00000)
  from space 5120K, 88% used [0x00000000d8f00000,0x00000000d9370ab0,0x00000000d9400000)
  to   space 5120K, 0% used [0x00000000d9400000,0x00000000d9400000,0x00000000d9900000)
 ParOldGen       total 84992K, used 80K [0x0000000085000000, 0x000000008a300000, 0x00000000d7000000)
  object space 84992K, 0% used [0x0000000085000000,0x0000000085014010,0x000000008a300000)
 Metaspace       used 14669K, capacity 15356K, committed 15360K, reserved 1062912K
  class space    used 2099K, capacity 2303K, committed 2304K, reserved 1048576K
}
Event: 4.803 GC heap before
{Heap before GC invocations=2 (full 0):
 PSYoungGen      total 36864K, used 36290K [0x00000000d7000000, 0x00000000d9900000, 0x0000000100000000)
  eden space 31744K, 100% used [0x00000000d7000000,0x00000000d8f00000,0x00000000d8f00000)
  from space 5120K, 88% used [0x00000000d8f00000,0x00000000d9370ab0,0x00000000d9400000)
  to   space 5120K, 0% used [0x00000000d9400000,0x00000000d9400000,0x00000000d9900000)
 ParOldGen       total 84992K, used 80K [0x0000000085000000, 0x000000008a300000, 0x00000000d7000000)
  object space 84992K, 0% used [0x0000000085000000,0x0000000085014010,0x000000008a300000)
 Metaspace       used 15034K, capacity 15726K, committed 16000K, reserved 1062912K
  class space    used 2149K, capacity 2344K, committed 2432K, reserved 1048576K
Event: 4.886 GC heap after
Heap after GC invocations=2 (full 0):
 PSYoungGen      total 36864K, used 4432K [0x00000000d7000000, 0x00000000db800000, 0x0000000100000000)
  eden space 31744K, 0% used [0x00000000d7000000,0x00000000d7000000,0x00000000d8f00000)
  from space 5120K, 86% used [0x00000000d9400000,0x00000000d9854050,0x00000000d9900000)
  to   space 5120K, 0% used [0x00000000d8f00000,0x00000000d8f00000,0x00000000d9400000)
 ParOldGen       total 84992K, used 88K [0x0000000085000000, 0x000000008a300000, 0x00000000d7000000)
  object space 84992K, 0% used [0x0000000085000000,0x0000000085016010,0x000000008a300000)
 Metaspace       used 15034K, capacity 15726K, committed 16000K, reserved 1062912K
  class space    used 2149K, capacity 2344K, committed 2432K, reserved 1048576K
}
Event: 4.952 GC heap before
{Heap before GC invocations=3 (full 0):
 PSYoungGen      total 36864K, used 36176K [0x00000000d7000000, 0x00000000db800000, 0x0000000100000000)
  eden space 31744K, 100% used [0x00000000d7000000,0x00000000d8f00000,0x00000000d8f00000)
  from space 5120K, 86% used [0x00000000d9400000,0x00000000d9854050,0x00000000d9900000)
  to   space 5120K, 0% used [0x00000000d8f00000,0x00000000d8f00000,0x00000000d9400000)
 ParOldGen       total 84992K, used 88K [0x0000000085000000, 0x000000008a300000, 0x00000000d7000000)
  object space 84992K, 0% used [0x0000000085000000,0x0000000085016010,0x000000008a300000)
 Metaspace       used 15052K, capacity 15726K, committed 16000K, reserved 1062912K
  class space    used 2151K, capacity 2344K, committed 2432K, reserved 1048576K
Event: 4.972 GC heap after
Heap after GC invocations=3 (full 0):
 PSYoungGen      total 36864K, used 4450K [0x00000000d7000000, 0x00000000db800000, 0x0000000100000000)
  eden space 31744K, 0% used [0x00000000d7000000,0x00000000d7000000,0x00000000d8f00000)
  from space 5120K, 86% used [0x00000000d8f00000,0x00000000d9358ad0,0x00000000d9400000)
  to   space 5120K, 0% used [0x00000000db300000,0x00000000db300000,0x00000000db800000)
 ParOldGen       total 84992K, used 96K [0x0000000085000000, 0x000000008a300000, 0x00000000d7000000)
  object space 84992K, 0% used [0x0000000085000000,0x0000000085018010,0x000000008a300000)
 Metaspace       used 15052K, capacity 15726K, committed 16000K, reserved 1062912K
  class space    used 2151K, capacity 2344K, committed 2432K, reserved 1048576K
}
Event: 5.026 GC heap before
{Heap before GC invocations=4 (full 0):
 PSYoungGen      total 36864K, used 36194K [0x00000000d7000000, 0x00000000db800000, 0x0000000100000000)
  eden space 31744K, 100% used [0x00000000d7000000,0x00000000d8f00000,0x00000000d8f00000)
  from space 5120K, 86% used [0x00000000d8f00000,0x00000000d9358ad0,0x00000000d9400000)
  to   space 5120K, 0% used [0x00000000db300000,0x00000000db300000,0x00000000db800000)
 ParOldGen       total 84992K, used 96K [0x0000000085000000, 0x000000008a300000, 0x00000000d7000000)
  object space 84992K, 0% used [0x0000000085000000,0x0000000085018010,0x000000008a300000)
 Metaspace       used 15066K, capacity 15726K, committed 16000K, reserved 1062912K
  class space    used 2155K, capacity 2344K, committed 2432K, reserved 1048576K
Event: 5.059 GC heap after
Heap after GC invocations=4 (full 0):
 PSYoungGen      total 68608K, used 4450K [0x00000000d7000000, 0x00000000db800000, 0x0000000100000000)
  eden space 63488K, 0% used [0x00000000d7000000,0x00000000d7000000,0x00000000dae00000)
  from space 5120K, 86% used [0x00000000db300000,0x00000000db758ad0,0x00000000db800000)
  to   space 5120K, 0% used [0x00000000dae00000,0x00000000dae00000,0x00000000db300000)
 ParOldGen       total 84992K, used 104K [0x0000000085000000, 0x000000008a300000, 0x00000000d7000000)
  object space 84992K, 0% used [0x0000000085000000,0x000000008501a010,0x000000008a300000)
 Metaspace       used 15066K, capacity 15726K, committed 16000K, reserved 1062912K
  class space    used 2155K, capacity 2344K, committed 2432K, reserved 1048576K
}
Event: 5.449 GC heap before
{Heap before GC invocations=5 (full 0):
 PSYoungGen      total 68608K, used 67938K [0x00000000d7000000, 0x00000000db800000, 0x0000000100000000)
  eden space 63488K, 100% used [0x00000000d7000000,0x00000000dae00000,0x00000000dae00000)
  from space 5120K, 86% used [0x00000000db300000,0x00000000db758ad0,0x00000000db800000)
  to   space 5120K, 0% used [0x00000000dae00000,0x00000000dae00000,0x00000000db300000)
 ParOldGen       total 84992K, used 104K [0x0000000085000000, 0x000000008a300000, 0x00000000d7000000)
  object space 84992K, 0% used [0x0000000085000000,0x000000008501a010,0x000000008a300000)
 Metaspace       used 15076K, capacity 15726K, committed 16000K, reserved 1062912K
  class space    used 2155K, capacity 2344K, committed 2432K, reserved 1048576K

