# JRE version: Java(TM) SE Runtime Environment (8.0_101-b13) (build 1.8.0_101-b13)
# Java VM: Java HotSpot(TM) 64-Bit Server VM (25.101-b13 mixed mode linux-amd64 compressed oops)
Heap:
 PSYoungGen      total 629760K, used 64K [0x00000000d7000000, 0x00000000ff100000, 0x0000000100000000)
  eden space 629248K, 0% used [0x00000000d7000000,0x00000000d7000000,0x00000000fd680000)
  from space 512K, 12% used [0x00000000fd680000,0x00000000fd690000,0x00000000fd700000)
  to   space 512K, 0% used [0x00000000fd700000,0x00000000fd700000,0x00000000fd780000)
 ParOldGen       total 84992K, used 6114K [0x0000000085000000, 0x000000008a300000, 0x00000000d7000000)
  object space 84992K, 7% used [0x0000000085000000,0x00000000855f89b0,0x000000008a300000)
 Metaspace       used 15815K, capacity 16492K, committed 16768K, reserved 1062912K
  class space    used 2166K, capacity 2355K, committed 2432K, reserved 1048576K
GC Heap History (10 events):
Event: 47.881 GC heap after
Heap after GC invocations=56 (full 0):
 PSYoungGen      total 500224K, used 32K [0x00000000d7000000, 0x00000000fd780000, 0x0000000100000000)
  eden space 499712K, 0% used [0x00000000d7000000,0x00000000d7000000,0x00000000f5800000)
  from space 512K, 6% used [0x00000000fd700000,0x00000000fd708000,0x00000000fd780000)
  to   space 512K, 0% used [0x00000000fd680000,0x00000000fd680000,0x00000000fd700000)
 ParOldGen       total 84992K, used 6114K [0x0000000085000000, 0x000000008a300000, 0x00000000d7000000)
  object space 84992K, 7% used [0x0000000085000000,0x00000000855f89b0,0x000000008a300000)
 Metaspace       used 15815K, capacity 16492K, committed 16768K, reserved 1062912K
  class space    used 2166K, capacity 2355K, committed 2432K, reserved 1048576K
}
Event: 48.910 GC heap before
{Heap before GC invocations=57 (full 0):
 PSYoungGen      total 500224K, used 499744K [0x00000000d7000000, 0x00000000fd780000, 0x0000000100000000)
  eden space 499712K, 100% used [0x00000000d7000000,0x00000000f5800000,0x00000000f5800000)
  from space 512K, 6% used [0x00000000fd700000,0x00000000fd708000,0x00000000fd780000)
  to   space 512K, 0% used [0x00000000fd680000,0x00000000fd680000,0x00000000fd700000)
 ParOldGen       total 84992K, used 6114K [0x0000000085000000, 0x000000008a300000, 0x00000000d7000000)
  object space 84992K, 7% used [0x0000000085000000,0x00000000855f89b0,0x000000008a300000)
 Metaspace       used 15815K, capacity 16492K, committed 16768K, reserved 1062912K
  class space    used 2166K, capacity 2355K, committed 2432K, reserved 1048576K
Event: 48.913 GC heap after
Heap after GC invocations=57 (full 0):
 PSYoungGen      total 477184K, used 32K [0x00000000d7000000, 0x00000000fd780000, 0x0000000100000000)
  eden space 476672K, 0% used [0x00000000d7000000,0x00000000d7000000,0x00000000f4180000)
  from space 512K, 6% used [0x00000000fd680000,0x00000000fd688000,0x00000000fd700000)
  to   space 512K, 0% used [0x00000000fd700000,0x00000000fd700000,0x00000000fd780000)
 ParOldGen       total 84992K, used 6114K [0x0000000085000000, 0x000000008a300000, 0x00000000d7000000)
  object space 84992K, 7% used [0x0000000085000000,0x00000000855f89b0,0x000000008a300000)
 Metaspace       used 15815K, capacity 16492K, committed 16768K, reserved 1062912K
  class space    used 2166K, capacity 2355K, committed 2432K, reserved 1048576K
}
Event: 50.049 GC heap before
{Heap before GC invocations=58 (full 0):
 PSYoungGen      total 477184K, used 476704K [0x00000000d7000000, 0x00000000fd780000, 0x0000000100000000)
  eden space 476672K, 100% used [0x00000000d7000000,0x00000000f4180000,0x00000000f4180000)
  from space 512K, 6% used [0x00000000fd680000,0x00000000fd688000,0x00000000fd700000)
  to   space 512K, 0% used [0x00000000fd700000,0x00000000fd700000,0x00000000fd780000)
 ParOldGen       total 84992K, used 6114K [0x0000000085000000, 0x000000008a300000, 0x00000000d7000000)
  object space 84992K, 7% used [0x0000000085000000,0x00000000855f89b0,0x000000008a300000)
 Metaspace       used 15815K, capacity 16492K, committed 16768K, reserved 1062912K
  class space    used 2166K, capacity 2355K, committed 2432K, reserved 1048576K
Event: 50.061 GC heap after
Heap after GC invocations=58 (full 0):
 PSYoungGen      total 455168K, used 32K [0x00000000d7000000, 0x00000000fd780000, 0x0000000100000000)
  eden space 454656K, 0% used [0x00000000d7000000,0x00000000d7000000,0x00000000f2c00000)
  from space 512K, 6% used [0x00000000fd700000,0x00000000fd708000,0x00000000fd780000)
  to   space 512K, 0% used [0x00000000fd680000,0x00000000fd680000,0x00000000fd700000)
 ParOldGen       total 84992K, used 6114K [0x0000000085000000, 0x000000008a300000, 0x00000000d7000000)
  object space 84992K, 7% used [0x0000000085000000,0x00000000855f89b0,0x000000008a300000)
 Metaspace       used 15815K, capacity 16492K, committed 16768K, reserved 1062912K
  class space    used 2166K, capacity 2355K, committed 2432K, reserved 1048576K
}
Event: 51.176 GC heap before
{Heap before GC invocations=59 (full 0):
 PSYoungGen      total 455168K, used 454688K [0x00000000d7000000, 0x00000000fd780000, 0x0000000100000000)
  eden space 454656K, 100% used [0x00000000d7000000,0x00000000f2c00000,0x00000000f2c00000)
  from space 512K, 6% used [0x00000000fd700000,0x00000000fd708000,0x00000000fd780000)
  to   space 512K, 0% used [0x00000000fd680000,0x00000000fd680000,0x00000000fd700000)
 ParOldGen       total 84992K, used 6114K [0x0000000085000000, 0x000000008a300000, 0x00000000d7000000)
  object space 84992K, 7% used [0x0000000085000000,0x00000000855f89b0,0x000000008a300000)
 Metaspace       used 15815K, capacity 16492K, committed 16768K, reserved 1062912K
  class space    used 2166K, capacity 2355K, committed 2432K, reserved 1048576K
Event: 51.210 GC heap after
Heap after GC invocations=59 (full 0):
 PSYoungGen      total 546304K, used 32K [0x00000000d7000000, 0x00000000fd780000, 0x0000000100000000)
  eden space 545792K, 0% used [0x00000000d7000000,0x00000000d7000000,0x00000000f8500000)
  from space 512K, 6% used [0x00000000fd680000,0x00000000fd688000,0x00000000fd700000)
  to   space 512K, 0% used [0x00000000fd700000,0x00000000fd700000,0x00000000fd780000)
 ParOldGen       total 84992K, used 6114K [0x0000000085000000, 0x000000008a300000, 0x00000000d7000000)
  object space 84992K, 7% used [0x0000000085000000,0x00000000855f89b0,0x000000008a300000)
 Metaspace       used 15815K, capacity 16492K, committed 16768K, reserved 1062912K
  class space    used 2166K, capacity 2355K, committed 2432K, reserved 1048576K
}
Event: 52.488 GC heap before
{Heap before GC invocations=60 (full 0):
 PSYoungGen      total 546304K, used 545824K [0x00000000d7000000, 0x00000000fd780000, 0x0000000100000000)
  eden space 545792K, 100% used [0x00000000d7000000,0x00000000f8500000,0x00000000f8500000)
  from space 512K, 6% used [0x00000000fd680000,0x00000000fd688000,0x00000000fd700000)
  to   space 512K, 0% used [0x00000000fd700000,0x00000000fd700000,0x00000000fd780000)
 ParOldGen       total 84992K, used 6114K [0x0000000085000000, 0x000000008a300000, 0x00000000d7000000)
  object space 84992K, 7% used [0x0000000085000000,0x00000000855f89b0,0x000000008a300000)
 Metaspace       used 15815K, capacity 16492K, committed 16768K, reserved 1062912K
  class space    used 2166K, capacity 2355K, committed 2432K, reserved 1048576K
Event: 52.495 GC heap after
Heap after GC invocations=60 (full 0):
 PSYoungGen      total 629760K, used 32K [0x00000000d7000000, 0x00000000ff100000, 0x0000000100000000)
  eden space 629248K, 0% used [0x00000000d7000000,0x00000000d7000000,0x00000000fd680000)
  from space 512K, 6% used [0x00000000fd700000,0x00000000fd708000,0x00000000fd780000)
  to   space 512K, 0% used [0x00000000fd680000,0x00000000fd680000,0x00000000fd700000)
 ParOldGen       total 84992K, used 6114K [0x0000000085000000, 0x000000008a300000, 0x00000000d7000000)
  object space 84992K, 7% used [0x0000000085000000,0x00000000855f89b0,0x000000008a300000)
 Metaspace       used 15815K, capacity 16492K, committed 16768K, reserved 1062912K
  class space    used 2166K, capacity 2355K, committed 2432K, reserved 1048576K
}
Event: 56.990 GC heap before
{Heap before GC invocations=61 (full 0):
 PSYoungGen      total 629760K, used 629280K [0x00000000d7000000, 0x00000000ff100000, 0x0000000100000000)
  eden space 629248K, 100% used [0x00000000d7000000,0x00000000fd680000,0x00000000fd680000)
  from space 512K, 6% used [0x00000000fd700000,0x00000000fd708000,0x00000000fd780000)
  to   space 512K, 0% used [0x00000000fd680000,0x00000000fd680000,0x00000000fd700000)
 ParOldGen       total 84992K, used 6114K [0x0000000085000000, 0x000000008a300000, 0x00000000d7000000)
  object space 84992K, 7% used [0x0000000085000000,0x00000000855f89b0,0x000000008a300000)
 Metaspace       used 15815K, capacity 16492K, committed 16768K, reserved 1062912K
  class space    used 2166K, capacity 2355K, committed 2432K, reserved 1048576K

